2019-09-18 17:04:44,162 mloop                DEBUG    MLOOP Logger configured.
2019-09-18 17:04:44,162 mloop.interfaces     DEBUG    Creating interface.
2019-09-18 17:04:45,299 mloop.learners.1     DEBUG    Learner init completed.
2019-09-18 17:04:45,329 mloop.learners.2     DEBUG    Learner init completed.
2019-09-18 17:04:45,331 mloop.interfaces     DEBUG    Entering main loop of interface.
2019-09-18 17:08:30,072 mloop.learners.1     DEBUG    Learner end signal received. Ending
2019-09-18 17:08:30,570 mloop.interfaces     DEBUG    Interface ended
2019-09-18 17:23:14,815 mloop.interfaces     DEBUG    Creating interface.
2019-09-18 17:23:15,789 mloop.learners.3     DEBUG    Learner init completed.
2019-09-18 17:23:15,790 mloop.learners.4     DEBUG    Learner init completed.
2019-09-18 17:23:15,791 mloop.interfaces     DEBUG    Entering main loop of interface.
2019-09-18 17:25:30,081 mloop.learners.3     DEBUG    Learner end signal received. Ending
2019-09-18 17:25:31,475 mloop.interfaces     DEBUG    Interface ended
2019-09-18 17:26:54,957 mloop.interfaces     DEBUG    Creating interface.
2019-09-18 17:26:55,963 mloop.learners.5     DEBUG    Learner init completed.
2019-09-18 17:26:55,965 mloop.learners.6     DEBUG    Learner init completed.
2019-09-18 17:26:55,966 mloop.interfaces     DEBUG    Entering main loop of interface.
2019-09-18 17:27:02,480 mloop.interfaces     DEBUG    Interface ended
2019-09-18 17:27:03,288 mloop.learners.5     DEBUG    Learner end signal received. Ending
2019-09-18 17:28:24,085 mloop.interfaces     DEBUG    Creating interface.
2019-09-18 17:28:25,341 mloop.learners.7     DEBUG    Learner init completed.
2019-09-18 17:28:25,341 mloop.learners.8     DEBUG    Learner init completed.
2019-09-18 17:28:25,342 mloop.interfaces     DEBUG    Entering main loop of interface.
2019-09-18 17:28:48,227 mloop.interfaces     DEBUG    Interface ended
2019-09-18 17:28:48,272 mloop.learners.7     DEBUG    Learner end signal received. Ending
2019-09-18 17:34:09,965 mloop.interfaces     DEBUG    Creating interface.
2019-09-18 17:34:11,226 mloop.learners.9     DEBUG    Learner init completed.
2019-09-18 17:34:11,227 mloop.learners.10    DEBUG    Learner init completed.
2019-09-18 17:34:11,228 mloop.interfaces     DEBUG    Entering main loop of interface.
2019-09-18 17:35:49,557 mloop.learners.9     DEBUG    Learner end signal received. Ending
2019-09-18 17:35:49,701 mloop.interfaces     DEBUG    Interface ended
